$ bash -lc docker exec accredivault_db_prod pg_dump -U accredvault accredvault | gzip -c > /srv/backups/work/20260212105419-eac8a035/db/accred.sql.gz
$ gunzip -t /srv/backups/work/20260212105419-eac8a035/db/accred.sql.gz
$ tar --zstd -cf /srv/backups/work/20260212105419-eac8a035/files/accred_files.tar.zst /home/munaim/srv/apps/accredivault/infra/docker-compose.yml
tar: Removing leading `/' from member names

$ zstd -t /srv/backups/work/20260212105419-eac8a035/files/accred_files.tar.zst
/srv/backups/work/20260212105419-eac8a035/files/accred_files.tar.zst: 10240 bytes 

$ tar -tf /srv/backups/work/20260212105419-eac8a035/files/accred_files.tar.zst
home/munaim/srv/apps/accredivault/infra/docker-compose.yml

$ tar --zstd -cf /srv/backups/work/20260212105419-eac8a035/caddy/caddy_config.tar.zst /home/munaim/srv/proxy/caddy/Caddyfile /etc/caddy/Caddyfile
tar: Removing leading `/' from member names
tar: Removing leading `/' from hard link targets

$ zstd -t /srv/backups/work/20260212105419-eac8a035/caddy/caddy_config.tar.zst
/srv/backups/work/20260212105419-eac8a035/caddy/caddy_config.tar.zst: 20480 bytes 

$ restic -r /srv/backups/restic_repo backup /srv/backups/work/20260212105419-eac8a035 --tag run:20260212105419-eac8a035 --tag scope:full --tag server:vps.us-central1-f.c.munaimfinance.internal --tag app:accred
no parent snapshot found, will read all files

Files:           3 new,     0 changed,     0 unmodified
Dirs:            8 new,     0 changed,     0 unmodified
Added to the repository: 21.397 KiB (20.119 KiB stored)

processed 3 files, 18.751 KiB in 0:00
snapshot 1ba4ccef saved

$ restic -r /srv/backups/restic_repo snapshots --json --tag run:20260212105419-eac8a035
[{"time":"2026-02-12T10:54:19.511972591+05:00","tree":"0f66a1c44811cf2bd587033adcdbccc7d73143ff6b853b5f7e861c120e8b173b","paths":["/srv/backups/work/20260212105419-eac8a035"],"hostname":"vps.us-central1-f.c.munaimfinance.internal","username":"root","tags":["run:20260212105419-eac8a035","scope:full","server:vps.us-central1-f.c.munaimfinance.internal","app:accred"],"program_version":"restic 0.16.4","id":"1ba4ccef017bb609c6a15c83cd523936e5d7efb0306fa840dc8f7990263459a1","short_id":"1ba4ccef"}]

