Thu Feb 12 09:14:43 PKT 2026: ops-prod-up lims
Thu Feb 12 09:15:15 PKT 2026: ops-prod-down lims
Thu Feb 12 09:15:58 PKT 2026: ops-prod-up lims
Thu Feb 12 10:19:34 PKT 2026: ops-prod-up accredivault
Thu Feb 12 10:20:11 PKT 2026: ops-prod-up radreport
Thu Feb 12 10:20:22 PKT 2026: ops-prod-up accredivault
Thu Feb 12 10:22:25 PKT 2026: ops-dev-up test-dev
Thu Feb 12 10:22:43 PKT 2026: ops-dev-reset-hard test-dev
Thu Feb 12 10:22:54 PKT 2026: ops-prod-down radreport
Thu Feb 12 10:23:05 PKT 2026: ops-prod-up radreport
Thu Feb 12 10:27:25 PKT 2026: ops-prod-down lims
Thu Feb 12 10:27:26 PKT 2026: ops-prod-down radreport
Thu Feb 12 10:27:36 PKT 2026: ops-prod-down accredivault
Thu Feb 12 10:35:25 PKT 2026: ops-prod-up lims
Thu Feb 12 10:35:37 PKT 2026: ops-prod-up radreport
Thu Feb 12 10:36:36 PKT 2026: ops-prod-down accredivault
Thu Feb 12 10:37:22 PKT 2026: ops-prod-down accredivault
Thu Feb 12 10:37:42 PKT 2026: ops-prod-down accredivault
Thu Feb 12 10:39:03 PKT 2026: ops-prod-up accredivault
Thu Feb 12 10:39:34 PKT 2026: ops-prod-up radreport
Thu Feb 12 10:39:43 PKT 2026: ops-prod-up lims
Thu Feb 12 15:00:03 PKT 2026: ops-dev-reset-hard radreport
Fri Feb 13 03:44:38 PKT 2026: ops-dev-up lims
